This is pdfTeX, Version 3.14159265-2.6-1.40.17 (TeX Live 2016) (preloaded format=pdflatex 2016.11.7)  8 JAN 2018 21:07
entering extended mode
 restricted \write18 enabled.
 %&-line parsing enabled.
**Lecture1.tex
(./Lecture1.tex
LaTeX2e <2016/03/31>
Babel <3.9r> and hyphenation patterns for 83 language(s) loaded.
(/usr/local/texlive/2016/texmf-dist/tex/latex/beamer/beamer.cls
(/usr/local/texlive/2016/texmf-dist/tex/latex/beamer/beamerbasercs.sty
Package: beamerbasercs 2015/03/08 (rcs-revision 368aa9ba9d38)
)
Document Class: beamer 2015/01/05 3.36 A class for typesetting presentations (r
cs-revision 8a39122e1f63)
(/usr/local/texlive/2016/texmf-dist/tex/latex/beamer/beamerbasemodes.sty
Package: beamerbasemodes 2013/09/03 (rcs-revision 768f2d98ca64)
\beamer@tempbox=\box26
\beamer@tempcount=\count79
\c@beamerpauses=\count80

(/usr/local/texlive/2016/texmf-dist/tex/latex/beamer/beamerbasedecode.sty
Package: beamerbasedecode 2010/05/01 (rcs-revision efa082c6111d)
\beamer@slideinframe=\count81
\beamer@minimum=\count82
)
\beamer@commentbox=\box27
\beamer@modecount=\count83
)
(/usr/local/texlive/2016/texmf-dist/tex/generic/oberdiek/ifpdf.sty
Package: ifpdf 2016/05/14 v3.1 Provides the ifpdf switch
)
\headheight=\dimen102
\headdp=\dimen103
\footheight=\dimen104
\sidebarheight=\dimen105
\beamer@tempdim=\dimen106
\beamer@finalheight=\dimen107
\beamer@animht=\dimen108
\beamer@animdp=\dimen109
\beamer@animwd=\dimen110
\beamer@leftmargin=\dimen111
\beamer@rightmargin=\dimen112
\beamer@leftsidebar=\dimen113
\beamer@rightsidebar=\dimen114
\beamer@boxsize=\dimen115
\beamer@vboxoffset=\dimen116
\beamer@descdefault=\dimen117
\beamer@descriptionwidth=\dimen118
\beamer@lastskip=\skip41
\beamer@areabox=\box28
\beamer@animcurrent=\box29
\beamer@animshowbox=\box30
\beamer@sectionbox=\box31
\beamer@logobox=\box32
\beamer@linebox=\box33
\beamer@sectioncount=\count84
\beamer@subsubsectionmax=\count85
\beamer@subsectionmax=\count86
\beamer@sectionmax=\count87
\beamer@totalheads=\count88
\beamer@headcounter=\count89
\beamer@partstartpage=\count90
\beamer@sectionstartpage=\count91
\beamer@subsectionstartpage=\count92
\beamer@animationtempa=\count93
\beamer@animationtempb=\count94
\beamer@xpos=\count95
\beamer@ypos=\count96
\beamer@showpartnumber=\count97
\beamer@currentsubsection=\count98
\beamer@coveringdepth=\count99
\beamer@sectionadjust=\count100
\beamer@tocsectionnumber=\count101

(/usr/local/texlive/2016/texmf-dist/tex/latex/beamer/beamerbaseoptions.sty
Package: beamerbaseoptions 2013/03/10 (rcs-revision 47431932db0d)

(/usr/local/texlive/2016/texmf-dist/tex/latex/graphics/keyval.sty
Package: keyval 2014/10/28 v1.15 key=value parser (DPC)
\KV@toks@=\toks14
))
\beamer@paperwidth=\skip42
\beamer@paperheight=\skip43

(/usr/local/texlive/2016/texmf-dist/tex/latex/geometry/geometry.sty
Package: geometry 2010/09/12 v5.6 Page Geometry

(/usr/local/texlive/2016/texmf-dist/tex/generic/oberdiek/ifvtex.sty
Package: ifvtex 2016/05/16 v1.6 Detect VTeX and its facilities (HO)
Package ifvtex Info: VTeX not detected.
)
(/usr/local/texlive/2016/texmf-dist/tex/generic/ifxetex/ifxetex.sty
Package: ifxetex 2010/09/12 v0.6 Provides ifxetex conditional
)
\Gm@cnth=\count102
\Gm@cntv=\count103
\c@Gm@tempcnt=\count104
\Gm@bindingoffset=\dimen119
\Gm@wd@mp=\dimen120
\Gm@odd@mp=\dimen121
\Gm@even@mp=\dimen122
\Gm@layoutwidth=\dimen123
\Gm@layoutheight=\dimen124
\Gm@layouthoffset=\dimen125
\Gm@layoutvoffset=\dimen126
\Gm@dimlist=\toks15
)
(/usr/local/texlive/2016/texmf-dist/tex/latex/base/size11.clo
File: size11.clo 2014/09/29 v1.4h Standard LaTeX file (size option)
)
(/usr/local/texlive/2016/texmf-dist/tex/latex/pgf/basiclayer/pgfcore.sty
(/usr/local/texlive/2016/texmf-dist/tex/latex/graphics/graphicx.sty
Package: graphicx 2014/10/28 v1.0g Enhanced LaTeX Graphics (DPC,SPQR)

(/usr/local/texlive/2016/texmf-dist/tex/latex/graphics/graphics.sty
Package: graphics 2016/05/09 v1.0r Standard LaTeX Graphics (DPC,SPQR)

(/usr/local/texlive/2016/texmf-dist/tex/latex/graphics/trig.sty
Package: trig 2016/01/03 v1.10 sin cos tan (DPC)
)
(/usr/local/texlive/2016/texmf-dist/tex/latex/graphics-cfg/graphics.cfg
File: graphics.cfg 2016/01/02 v1.10 sample graphics configuration
)
Package graphics Info: Driver file: pdftex.def on input line 96.

(/usr/local/texlive/2016/texmf-dist/tex/latex/pdftex-def/pdftex.def
File: pdftex.def 2011/05/27 v0.06d Graphics/color for pdfTeX

(/usr/local/texlive/2016/texmf-dist/tex/generic/oberdiek/infwarerr.sty
Package: infwarerr 2016/05/16 v1.4 Providing info/warning/error messages (HO)
)
(/usr/local/texlive/2016/texmf-dist/tex/generic/oberdiek/ltxcmds.sty
Package: ltxcmds 2016/05/16 v1.23 LaTeX kernel commands for general use (HO)
)
\Gread@gobject=\count105
))
\Gin@req@height=\dimen127
\Gin@req@width=\dimen128
)
(/usr/local/texlive/2016/texmf-dist/tex/latex/pgf/systemlayer/pgfsys.sty
(/usr/local/texlive/2016/texmf-dist/tex/latex/pgf/utilities/pgfrcs.sty
(/usr/local/texlive/2016/texmf-dist/tex/generic/pgf/utilities/pgfutil-common.te
x
\pgfutil@everybye=\toks16
\pgfutil@tempdima=\dimen129
\pgfutil@tempdimb=\dimen130

(/usr/local/texlive/2016/texmf-dist/tex/generic/pgf/utilities/pgfutil-common-li
sts.tex))
(/usr/local/texlive/2016/texmf-dist/tex/generic/pgf/utilities/pgfutil-latex.def
\pgfutil@abb=\box34
(/usr/local/texlive/2016/texmf-dist/tex/latex/ms/everyshi.sty
Package: everyshi 2001/05/15 v3.00 EveryShipout Package (MS)
))
(/usr/local/texlive/2016/texmf-dist/tex/generic/pgf/utilities/pgfrcs.code.tex
Package: pgfrcs 2015/08/07 v3.0.1a (rcs-revision 1.31)
))
(/usr/local/texlive/2016/texmf-dist/tex/generic/pgf/systemlayer/pgfsys.code.tex
Package: pgfsys 2014/07/09 v3.0.1a (rcs-revision 1.48)
(/usr/local/texlive/2016/texmf-dist/tex/generic/pgf/utilities/pgfkeys.code.tex
\pgfkeys@pathtoks=\toks17
\pgfkeys@temptoks=\toks18

(/usr/local/texlive/2016/texmf-dist/tex/generic/pgf/utilities/pgfkeysfiltered.c
ode.tex
\pgfkeys@tmptoks=\toks19
))
\pgf@x=\dimen131
\pgf@y=\dimen132
\pgf@xa=\dimen133
\pgf@ya=\dimen134
\pgf@xb=\dimen135
\pgf@yb=\dimen136
\pgf@xc=\dimen137
\pgf@yc=\dimen138
\w@pgf@writea=\write3
\r@pgf@reada=\read1
\c@pgf@counta=\count106
\c@pgf@countb=\count107
\c@pgf@countc=\count108
\c@pgf@countd=\count109
\t@pgf@toka=\toks20
\t@pgf@tokb=\toks21
\t@pgf@tokc=\toks22

(/usr/local/texlive/2016/texmf-dist/tex/generic/pgf/systemlayer/pgf.cfg
File: pgf.cfg 2008/05/14  (rcs-revision 1.7)
)
Driver file for pgf: pgfsys-pdftex.def

(/usr/local/texlive/2016/texmf-dist/tex/generic/pgf/systemlayer/pgfsys-pdftex.d
ef
File: pgfsys-pdftex.def 2014/10/11  (rcs-revision 1.35)

(/usr/local/texlive/2016/texmf-dist/tex/generic/pgf/systemlayer/pgfsys-common-p
df.def
File: pgfsys-common-pdf.def 2013/10/10  (rcs-revision 1.13)
)))
(/usr/local/texlive/2016/texmf-dist/tex/generic/pgf/systemlayer/pgfsyssoftpath.
code.tex
File: pgfsyssoftpath.code.tex 2013/09/09  (rcs-revision 1.9)
\pgfsyssoftpath@smallbuffer@items=\count110
\pgfsyssoftpath@bigbuffer@items=\count111
)
(/usr/local/texlive/2016/texmf-dist/tex/generic/pgf/systemlayer/pgfsysprotocol.
code.tex
File: pgfsysprotocol.code.tex 2006/10/16  (rcs-revision 1.4)
)) (/usr/local/texlive/2016/texmf-dist/tex/latex/xcolor/xcolor.sty
Package: xcolor 2016/05/11 v2.12 LaTeX color extensions (UK)

(/usr/local/texlive/2016/texmf-dist/tex/latex/graphics-cfg/color.cfg
File: color.cfg 2016/01/02 v1.6 sample color configuration
)
Package xcolor Info: Driver file: pdftex.def on input line 225.
Package xcolor Info: Model `cmy' substituted by `cmy0' on input line 1348.
Package xcolor Info: Model `hsb' substituted by `rgb' on input line 1352.
Package xcolor Info: Model `RGB' extended on input line 1364.
Package xcolor Info: Model `HTML' substituted by `rgb' on input line 1366.
Package xcolor Info: Model `Hsb' substituted by `hsb' on input line 1367.
Package xcolor Info: Model `tHsb' substituted by `hsb' on input line 1368.
Package xcolor Info: Model `HSB' substituted by `hsb' on input line 1369.
Package xcolor Info: Model `Gray' substituted by `gray' on input line 1370.
Package xcolor Info: Model `wave' substituted by `hsb' on input line 1371.
)
(/usr/local/texlive/2016/texmf-dist/tex/generic/pgf/basiclayer/pgfcore.code.tex
Package: pgfcore 2010/04/11 v3.0.1a (rcs-revision 1.7)
(/usr/local/texlive/2016/texmf-dist/tex/generic/pgf/math/pgfmath.code.tex
(/usr/local/texlive/2016/texmf-dist/tex/generic/pgf/math/pgfmathcalc.code.tex
(/usr/local/texlive/2016/texmf-dist/tex/generic/pgf/math/pgfmathutil.code.tex)
(/usr/local/texlive/2016/texmf-dist/tex/generic/pgf/math/pgfmathparser.code.tex
\pgfmath@dimen=\dimen139
\pgfmath@count=\count112
\pgfmath@box=\box35
\pgfmath@toks=\toks23
\pgfmath@stack@operand=\toks24
\pgfmath@stack@operation=\toks25
)
(/usr/local/texlive/2016/texmf-dist/tex/generic/pgf/math/pgfmathfunctions.code.
tex
(/usr/local/texlive/2016/texmf-dist/tex/generic/pgf/math/pgfmathfunctions.basic
.code.tex)
(/usr/local/texlive/2016/texmf-dist/tex/generic/pgf/math/pgfmathfunctions.trigo
nometric.code.tex)
(/usr/local/texlive/2016/texmf-dist/tex/generic/pgf/math/pgfmathfunctions.rando
m.code.tex)
(/usr/local/texlive/2016/texmf-dist/tex/generic/pgf/math/pgfmathfunctions.compa
rison.code.tex)
(/usr/local/texlive/2016/texmf-dist/tex/generic/pgf/math/pgfmathfunctions.base.
code.tex)
(/usr/local/texlive/2016/texmf-dist/tex/generic/pgf/math/pgfmathfunctions.round
.code.tex)
(/usr/local/texlive/2016/texmf-dist/tex/generic/pgf/math/pgfmathfunctions.misc.
code.tex)
(/usr/local/texlive/2016/texmf-dist/tex/generic/pgf/math/pgfmathfunctions.integ
erarithmetics.code.tex)))
(/usr/local/texlive/2016/texmf-dist/tex/generic/pgf/math/pgfmathfloat.code.tex
\c@pgfmathroundto@lastzeros=\count113
))
(/usr/local/texlive/2016/texmf-dist/tex/generic/pgf/basiclayer/pgfcorepoints.co
de.tex
File: pgfcorepoints.code.tex 2013/10/07  (rcs-revision 1.27)
\pgf@picminx=\dimen140
\pgf@picmaxx=\dimen141
\pgf@picminy=\dimen142
\pgf@picmaxy=\dimen143
\pgf@pathminx=\dimen144
\pgf@pathmaxx=\dimen145
\pgf@pathminy=\dimen146
\pgf@pathmaxy=\dimen147
\pgf@xx=\dimen148
\pgf@xy=\dimen149
\pgf@yx=\dimen150
\pgf@yy=\dimen151
\pgf@zx=\dimen152
\pgf@zy=\dimen153
)
(/usr/local/texlive/2016/texmf-dist/tex/generic/pgf/basiclayer/pgfcorepathconst
ruct.code.tex
File: pgfcorepathconstruct.code.tex 2013/10/07  (rcs-revision 1.29)
\pgf@path@lastx=\dimen154
\pgf@path@lasty=\dimen155
)
(/usr/local/texlive/2016/texmf-dist/tex/generic/pgf/basiclayer/pgfcorepathusage
.code.tex
File: pgfcorepathusage.code.tex 2014/11/02  (rcs-revision 1.24)
\pgf@shorten@end@additional=\dimen156
\pgf@shorten@start@additional=\dimen157
)
(/usr/local/texlive/2016/texmf-dist/tex/generic/pgf/basiclayer/pgfcorescopes.co
de.tex
File: pgfcorescopes.code.tex 2015/05/08  (rcs-revision 1.46)
\pgfpic=\box36
\pgf@hbox=\box37
\pgf@layerbox@main=\box38
\pgf@picture@serial@count=\count114
)
(/usr/local/texlive/2016/texmf-dist/tex/generic/pgf/basiclayer/pgfcoregraphicst
ate.code.tex
File: pgfcoregraphicstate.code.tex 2014/11/02  (rcs-revision 1.12)
\pgflinewidth=\dimen158
)
(/usr/local/texlive/2016/texmf-dist/tex/generic/pgf/basiclayer/pgfcoretransform
ations.code.tex
File: pgfcoretransformations.code.tex 2015/08/07  (rcs-revision 1.20)
\pgf@pt@x=\dimen159
\pgf@pt@y=\dimen160
\pgf@pt@temp=\dimen161
)
(/usr/local/texlive/2016/texmf-dist/tex/generic/pgf/basiclayer/pgfcorequick.cod
e.tex
File: pgfcorequick.code.tex 2008/10/09  (rcs-revision 1.3)
)
(/usr/local/texlive/2016/texmf-dist/tex/generic/pgf/basiclayer/pgfcoreobjects.c
ode.tex
File: pgfcoreobjects.code.tex 2006/10/11  (rcs-revision 1.2)
)
(/usr/local/texlive/2016/texmf-dist/tex/generic/pgf/basiclayer/pgfcorepathproce
ssing.code.tex
File: pgfcorepathprocessing.code.tex 2013/09/09  (rcs-revision 1.9)
)
(/usr/local/texlive/2016/texmf-dist/tex/generic/pgf/basiclayer/pgfcorearrows.co
de.tex
File: pgfcorearrows.code.tex 2015/05/14  (rcs-revision 1.43)
\pgfarrowsep=\dimen162
)
(/usr/local/texlive/2016/texmf-dist/tex/generic/pgf/basiclayer/pgfcoreshade.cod
e.tex
File: pgfcoreshade.code.tex 2013/07/15  (rcs-revision 1.15)
\pgf@max=\dimen163
\pgf@sys@shading@range@num=\count115
)
(/usr/local/texlive/2016/texmf-dist/tex/generic/pgf/basiclayer/pgfcoreimage.cod
e.tex
File: pgfcoreimage.code.tex 2013/07/15  (rcs-revision 1.18)

(/usr/local/texlive/2016/texmf-dist/tex/generic/pgf/basiclayer/pgfcoreexternal.
code.tex
File: pgfcoreexternal.code.tex 2014/07/09  (rcs-revision 1.21)
\pgfexternal@startupbox=\box39
))
(/usr/local/texlive/2016/texmf-dist/tex/generic/pgf/basiclayer/pgfcorelayers.co
de.tex
File: pgfcorelayers.code.tex 2013/07/18  (rcs-revision 1.7)
)
(/usr/local/texlive/2016/texmf-dist/tex/generic/pgf/basiclayer/pgfcoretranspare
ncy.code.tex
File: pgfcoretransparency.code.tex 2013/09/30  (rcs-revision 1.5)
)
(/usr/local/texlive/2016/texmf-dist/tex/generic/pgf/basiclayer/pgfcorepatterns.
code.tex
File: pgfcorepatterns.code.tex 2013/11/07  (rcs-revision 1.5)
)))
(/usr/local/texlive/2016/texmf-dist/tex/latex/pgf/utilities/xxcolor.sty
Package: xxcolor 2003/10/24 ver 0.1
\XC@nummixins=\count116
\XC@countmixins=\count117
)
(/usr/local/texlive/2016/texmf-dist/tex/generic/oberdiek/atbegshi.sty
Package: atbegshi 2016/05/16 v1.17 At begin shipout hook (HO)
)
(/usr/local/texlive/2016/texmf-dist/tex/latex/hyperref/hyperref.sty
Package: hyperref 2016/05/05 v6.83n Hypertext links for LaTeX

(/usr/local/texlive/2016/texmf-dist/tex/generic/oberdiek/hobsub-hyperref.sty
Package: hobsub-hyperref 2016/05/16 v1.14 Bundle oberdiek, subset hyperref (HO)


(/usr/local/texlive/2016/texmf-dist/tex/generic/oberdiek/hobsub-generic.sty
Package: hobsub-generic 2016/05/16 v1.14 Bundle oberdiek, subset generic (HO)
Package: hobsub 2016/05/16 v1.14 Construct package bundles (HO)
Package hobsub Info: Skipping package `infwarerr' (already loaded).
Package hobsub Info: Skipping package `ltxcmds' (already loaded).
Package: ifluatex 2016/05/16 v1.4 Provides the ifluatex switch (HO)
Package ifluatex Info: LuaTeX not detected.
Package hobsub Info: Skipping package `ifvtex' (already loaded).
Package: intcalc 2016/05/16 v1.2 Expandable calculations with integers (HO)
Package hobsub Info: Skipping package `ifpdf' (already loaded).
Package: etexcmds 2016/05/16 v1.6 Avoid name clashes with e-TeX commands (HO)
Package etexcmds Info: Could not find \expanded.
(etexcmds)             That can mean that you are not using pdfTeX 1.50 or
(etexcmds)             that some package has redefined \expanded.
(etexcmds)             In the latter case, load this package earlier.
Package: kvsetkeys 2016/05/16 v1.17 Key value parser (HO)
Package: kvdefinekeys 2016/05/16 v1.4 Define keys (HO)
Package: pdftexcmds 2016/05/10 v0.21 Utility functions of pdfTeX for LuaTeX (HO
)
Package pdftexcmds Info: LuaTeX not detected.
Package pdftexcmds Info: \pdf@primitive is available.
Package pdftexcmds Info: \pdf@ifprimitive is available.
Package pdftexcmds Info: \pdfdraftmode found.
Package: pdfescape 2016/05/16 v1.14 Implements pdfTeX's escape features (HO)
Package: bigintcalc 2016/05/16 v1.4 Expandable calculations on big integers (HO
)
Package: bitset 2016/05/16 v1.2 Handle bit-vector datatype (HO)
Package: uniquecounter 2016/05/16 v1.3 Provide unlimited unique counter (HO)
)
Package hobsub Info: Skipping package `hobsub' (already loaded).
Package: letltxmacro 2016/05/16 v1.5 Let assignment for LaTeX macros (HO)
Package: hopatch 2016/05/16 v1.3 Wrapper for package hooks (HO)
Package: xcolor-patch 2016/05/16 xcolor patch
Package: atveryend 2016/05/16 v1.9 Hooks at the very end of document (HO)
Package atveryend Info: \enddocument detected (standard20110627).
Package hobsub Info: Skipping package `atbegshi' (already loaded).
Package: refcount 2016/05/16 v3.5 Data extraction from label references (HO)
Package: hycolor 2016/05/16 v1.8 Color options for hyperref/bookmark (HO)
)
(/usr/local/texlive/2016/texmf-dist/tex/latex/oberdiek/auxhook.sty
Package: auxhook 2016/05/16 v1.4 Hooks for auxiliary files (HO)
)
(/usr/local/texlive/2016/texmf-dist/tex/latex/oberdiek/kvoptions.sty
Package: kvoptions 2016/05/16 v3.12 Key value format for package options (HO)
)
\@linkdim=\dimen164
\Hy@linkcounter=\count118
\Hy@pagecounter=\count119

(/usr/local/texlive/2016/texmf-dist/tex/latex/hyperref/pd1enc.def
File: pd1enc.def 2016/05/05 v6.83n Hyperref: PDFDocEncoding definition (HO)
)
\Hy@SavedSpaceFactor=\count120

(/usr/local/texlive/2016/texmf-dist/tex/latex/latexconfig/hyperref.cfg
File: hyperref.cfg 2002/06/06 v1.2 hyperref configuration of TeXLive
)
Package hyperref Info: Option `bookmarks' set `true' on input line 4322.
Package hyperref Info: Option `bookmarksopen' set `true' on input line 4322.
Package hyperref Info: Option `implicit' set `false' on input line 4322.
Package hyperref Info: Hyper figures OFF on input line 4446.
Package hyperref Info: Link nesting OFF on input line 4451.
Package hyperref Info: Hyper index ON on input line 4454.
Package hyperref Info: Plain pages OFF on input line 4461.
Package hyperref Info: Backreferencing OFF on input line 4466.
Package hyperref Info: Implicit mode OFF; no redefinition of LaTeX internals.
Package hyperref Info: Bookmarks ON on input line 4691.
\c@Hy@tempcnt=\count121

(/usr/local/texlive/2016/texmf-dist/tex/latex/url/url.sty
\Urlmuskip=\muskip10
Package: url 2013/09/16  ver 3.4  Verb mode for urls, etc.
)
LaTeX Info: Redefining \url on input line 5044.
\XeTeXLinkMargin=\dimen165
\Fld@menulength=\count122
\Field@Width=\dimen166
\Fld@charsize=\dimen167
Package hyperref Info: Hyper figures OFF on input line 6298.
Package hyperref Info: Link nesting OFF on input line 6303.
Package hyperref Info: Hyper index ON on input line 6306.
Package hyperref Info: backreferencing OFF on input line 6313.
Package hyperref Info: Link coloring OFF on input line 6318.
Package hyperref Info: Link coloring with OCG OFF on input line 6323.
Package hyperref Info: PDF/A mode OFF on input line 6328.
LaTeX Info: Redefining \ref on input line 6368.
LaTeX Info: Redefining \pageref on input line 6372.
\Hy@abspage=\count123


Package hyperref Message: Stopped early.

)

Package hyperref Message: Driver (autodetected): hpdftex.

(/usr/local/texlive/2016/texmf-dist/tex/latex/hyperref/hpdftex.def
File: hpdftex.def 2016/05/05 v6.83n Hyperref driver for pdfTeX
\Fld@listcount=\count124
\c@bookmark@seq@number=\count125

(/usr/local/texlive/2016/texmf-dist/tex/latex/oberdiek/rerunfilecheck.sty
Package: rerunfilecheck 2016/05/16 v1.8 Rerun checks for auxiliary files (HO)
Package uniquecounter Info: New unique counter `rerunfilecheck' on input line 2
82.
))
(/usr/local/texlive/2016/texmf-dist/tex/latex/beamer/beamerbaserequires.sty
Package: beamerbaserequires 2010/05/01  (rcs-revision efa082c6111d)

(/usr/local/texlive/2016/texmf-dist/tex/latex/beamer/beamerbasecompatibility.st
y
Package: beamerbasecompatibility 2012/05/01  (rcs-revision 67c48b3b652d)
) (/usr/local/texlive/2016/texmf-dist/tex/latex/beamer/beamerbasefont.sty
Package: beamerbasefont 2015/01/05  (rcs-revision b4b4bee242e2)

(/usr/local/texlive/2016/texmf-dist/tex/latex/amsfonts/amssymb.sty
Package: amssymb 2013/01/14 v3.01 AMS font symbols

(/usr/local/texlive/2016/texmf-dist/tex/latex/amsfonts/amsfonts.sty
Package: amsfonts 2013/01/14 v3.01 Basic AMSFonts support
\@emptytoks=\toks26
\symAMSa=\mathgroup4
\symAMSb=\mathgroup5
LaTeX Font Info:    Overwriting math alphabet `\mathfrak' in version `bold'
(Font)                  U/euf/m/n --> U/euf/b/n on input line 106.
))
(/usr/local/texlive/2016/texmf-dist/tex/latex/sansmathaccent/sansmathaccent.sty
Package: sansmathaccent 2013/03/28
(/usr/local/texlive/2016/texmf-dist/tex/latex/filehook/filehook.sty
Package: filehook 2011/10/12 v0.5d Hooks for input files
)))
(/usr/local/texlive/2016/texmf-dist/tex/latex/beamer/beamerbasetranslator.sty
Package: beamerbasetranslator 2010/06/11  (rcs-revision 85fd1cc7fc42)

(/usr/local/texlive/2016/texmf-dist/tex/latex/beamer/translator/translator.sty
Package: translator 2010/06/12 ver 1.10

(/usr/local/texlive/2016/texmf-dist/tex/latex/beamer/translator/translator-lang
uage-mappings.tex)))
(/usr/local/texlive/2016/texmf-dist/tex/latex/beamer/beamerbasemisc.sty
Package: beamerbasemisc 2013/09/03  (rcs-revision a55719c41d85)
)
(/usr/local/texlive/2016/texmf-dist/tex/latex/beamer/beamerbasetwoscreens.sty
Package: beamerbasetwoscreens 2010/05/01  (rcs-revision efa082c6111d)
)
(/usr/local/texlive/2016/texmf-dist/tex/latex/beamer/beamerbaseoverlay.sty
Package: beamerbaseoverlay 2013/12/25  (rcs-revision f6bd5e3805da)
\beamer@argscount=\count126
\beamer@lastskipcover=\skip44
\beamer@trivlistdepth=\count127
)
(/usr/local/texlive/2016/texmf-dist/tex/latex/beamer/beamerbasetitle.sty
Package: beamerbasetitle 2010/09/21  (rcs-revision f0446ed0b6ae)
)
(/usr/local/texlive/2016/texmf-dist/tex/latex/beamer/beamerbasesection.sty
Package: beamerbasesection 2013/06/07  (rcs-revision 60b9fe0f342f)
\c@lecture=\count128
\c@part=\count129
\c@section=\count130
\c@subsection=\count131
\c@subsubsection=\count132
)
(/usr/local/texlive/2016/texmf-dist/tex/latex/beamer/beamerbaseframe.sty
Package: beamerbaseframe 2014/02/20  (rcs-revision 4b8ceeeff434)
\beamer@framebox=\box40
\beamer@frametitlebox=\box41
\beamer@zoombox=\box42
\beamer@zoomcount=\count133
\beamer@zoomframecount=\count134
\beamer@frametextheight=\dimen168
\c@subsectionslide=\count135
\beamer@frametopskip=\skip45
\beamer@framebottomskip=\skip46
\beamer@frametopskipautobreak=\skip47
\beamer@framebottomskipautobreak=\skip48
\beamer@envbody=\toks27
\framewidth=\dimen169
\c@framenumber=\count136
)
(/usr/local/texlive/2016/texmf-dist/tex/latex/beamer/beamerbaseverbatim.sty
Package: beamerbaseverbatim 2015/01/05  (rcs-revision 431510bb5890)
\beamer@verbatimfileout=\write4
)
(/usr/local/texlive/2016/texmf-dist/tex/latex/beamer/beamerbaseframesize.sty
Package: beamerbaseframesize 2011/09/12  (rcs-revision 70f9d8411e54)
\beamer@splitbox=\box43
\beamer@autobreakcount=\count137
\beamer@autobreaklastheight=\dimen170
\beamer@frametitletoks=\toks28
\beamer@framesubtitletoks=\toks29
)
(/usr/local/texlive/2016/texmf-dist/tex/latex/beamer/beamerbaseframecomponents.
sty
Package: beamerbaseframecomponents 2013/10/18  (rcs-revision 5cf6c5555a45)
\beamer@footins=\box44
) (/usr/local/texlive/2016/texmf-dist/tex/latex/beamer/beamerbasecolor.sty
Package: beamerbasecolor 2015/02/21  (rcs-revision d944b04ee2d5)
)
(/usr/local/texlive/2016/texmf-dist/tex/latex/beamer/beamerbasenotes.sty
Package: beamerbasenotes 2012/12/19  (rcs-revision 1686da3db3c9)
\beamer@frameboxcopy=\box45
)
(/usr/local/texlive/2016/texmf-dist/tex/latex/beamer/beamerbasetoc.sty
Package: beamerbasetoc 2015/03/08  (rcs-revision 7270298bbaae)
)
(/usr/local/texlive/2016/texmf-dist/tex/latex/beamer/beamerbasetemplates.sty
Package: beamerbasetemplates 2010/05/01  (rcs-revision efa082c6111d)
\beamer@sbttoks=\toks30

(/usr/local/texlive/2016/texmf-dist/tex/latex/beamer/beamerbaseauxtemplates.sty
Package: beamerbaseauxtemplates 2014/06/30  (rcs-revision 580088513a67)
(/usr/local/texlive/2016/texmf-dist/tex/latex/beamer/beamerbaseboxes.sty
Package: beamerbaseboxes 2012/05/13  (rcs-revision 56972908a390)
\bmb@box=\box46
\bmb@colorbox=\box47
\bmb@boxshadow=\box48
\bmb@boxshadowball=\box49
\bmb@boxshadowballlarge=\box50
\bmb@temp=\dimen171
\bmb@dima=\dimen172
\bmb@dimb=\dimen173
\bmb@prevheight=\dimen174
)
\beamer@blockheadheight=\dimen175
))
(/usr/local/texlive/2016/texmf-dist/tex/latex/beamer/beamerbaselocalstructure.s
ty
Package: beamerbaselocalstructure 2014/09/10  (rcs-revision 393f6dcff371)
 (/usr/local/texlive/2016/texmf-dist/tex/latex/tools/enumerate.sty
Package: enumerate 2015/07/23 v3.00 enumerate extensions (DPC)
\@enLab=\toks31
)
\c@figure=\count138
\c@table=\count139
\abovecaptionskip=\skip49
\belowcaptionskip=\skip50
)
(/usr/local/texlive/2016/texmf-dist/tex/latex/beamer/beamerbasenavigation.sty
Package: beamerbasenavigation 2015/02/27  (rcs-revision 923f4bf87efa)
\beamer@section@min@dim=\dimen176
)
(/usr/local/texlive/2016/texmf-dist/tex/latex/beamer/beamerbasetheorems.sty
Package: beamerbasetheorems 2010/06/06  (rcs-revision 7e7cc5e53e9d)

(/usr/local/texlive/2016/texmf-dist/tex/latex/amsmath/amsmath.sty
Package: amsmath 2016/03/10 v2.15b AMS math features
\@mathmargin=\skip51

For additional information on amsmath, use the `?' option.
(/usr/local/texlive/2016/texmf-dist/tex/latex/amsmath/amstext.sty
Package: amstext 2000/06/29 v2.01 AMS text

(/usr/local/texlive/2016/texmf-dist/tex/latex/amsmath/amsgen.sty
File: amsgen.sty 1999/11/30 v2.0 generic functions
\@emptytoks=\toks32
\ex@=\dimen177
))
(/usr/local/texlive/2016/texmf-dist/tex/latex/amsmath/amsbsy.sty
Package: amsbsy 1999/11/29 v1.2d Bold Symbols
\pmbraise@=\dimen178
)
(/usr/local/texlive/2016/texmf-dist/tex/latex/amsmath/amsopn.sty
Package: amsopn 2016/03/08 v2.02 operator names
)
\inf@bad=\count140
LaTeX Info: Redefining \frac on input line 199.
\uproot@=\count141
\leftroot@=\count142
LaTeX Info: Redefining \overline on input line 297.
\classnum@=\count143
\DOTSCASE@=\count144
LaTeX Info: Redefining \ldots on input line 394.
LaTeX Info: Redefining \dots on input line 397.
LaTeX Info: Redefining \cdots on input line 518.
\Mathstrutbox@=\box51
\strutbox@=\box52
\big@size=\dimen179
LaTeX Font Info:    Redeclaring font encoding OML on input line 634.
LaTeX Font Info:    Redeclaring font encoding OMS on input line 635.
\macc@depth=\count145
\c@MaxMatrixCols=\count146
\dotsspace@=\muskip11
\c@parentequation=\count147
\dspbrk@lvl=\count148
\tag@help=\toks33
\row@=\count149
\column@=\count150
\maxfields@=\count151
\andhelp@=\toks34
\eqnshift@=\dimen180
\alignsep@=\dimen181
\tagshift@=\dimen182
\tagwidth@=\dimen183
\totwidth@=\dimen184
\lineht@=\dimen185
\@envbody=\toks35
\multlinegap=\skip52
\multlinetaggap=\skip53
\mathdisplay@stack=\toks36
LaTeX Info: Redefining \[ on input line 2739.
LaTeX Info: Redefining \] on input line 2740.
)
(/usr/local/texlive/2016/texmf-dist/tex/latex/amscls/amsthm.sty
Package: amsthm 2015/03/04 v2.20.2
\thm@style=\toks37
\thm@bodyfont=\toks38
\thm@headfont=\toks39
\thm@notefont=\toks40
\thm@headpunct=\toks41
\thm@preskip=\skip54
\thm@postskip=\skip55
\thm@headsep=\skip56
\dth@everypar=\toks42
)
\c@theorem=\count152
)
(/usr/local/texlive/2016/texmf-dist/tex/latex/beamer/beamerbasethemes.sty
Package: beamerbasethemes 2010/05/01  (rcs-revision efa082c6111d)
))
(/usr/local/texlive/2016/texmf-dist/tex/latex/beamer/themes/theme/beamerthemede
fault.sty
Package: beamerthemedefault 2010/06/17  (rcs-revision d02a7cf4d8ae)

(/usr/local/texlive/2016/texmf-dist/tex/latex/beamer/themes/font/beamerfontthem
edefault.sty
Package: beamerfontthemedefault 2012/12/19  (rcs-revision 1686da3db3c9)
)
(/usr/local/texlive/2016/texmf-dist/tex/latex/beamer/themes/color/beamercolorth
emedefault.sty
Package: beamercolorthemedefault 2012/12/19  (rcs-revision 1686da3db3c9)
)
(/usr/local/texlive/2016/texmf-dist/tex/latex/beamer/themes/inner/beamerinnerth
emedefault.sty
Package: beamerinnerthemedefault 2014/06/30  (rcs-revision 580088513a67)
\beamer@dima=\dimen186
\beamer@dimb=\dimen187
)
(/usr/local/texlive/2016/texmf-dist/tex/latex/beamer/themes/outer/beamerouterth
emedefault.sty
Package: beamerouterthemedefault 2012/12/19  (rcs-revision 1686da3db3c9)
)))
(/usr/local/texlive/2016/texmf-dist/tex/latex/beamer/themes/theme/beamerthemeWa
rsaw.sty
Package: beamerthemeWarsaw 2010/06/17  (rcs-revision d02a7cf4d8ae)

(/usr/local/texlive/2016/texmf-dist/tex/latex/beamer/themes/inner/beamerinnerth
emerounded.sty
Package: beamerinnerthemerounded 2010/06/17  (rcs-revision d02a7cf4d8ae)
)
(/usr/local/texlive/2016/texmf-dist/tex/latex/beamer/themes/outer/beamerouterth
emeshadow.sty
Package: beamerouterthemeshadow 2010/06/17  (rcs-revision d02a7cf4d8ae)

(/usr/local/texlive/2016/texmf-dist/tex/latex/beamer/themes/outer/beamerouterth
emesplit.sty
Package: beamerouterthemesplit 2012/10/16  (rcs-revision 51a8c72084af)
))
(/usr/local/texlive/2016/texmf-dist/tex/latex/beamer/themes/color/beamercolorth
emeorchid.sty
Package: beamercolorthemeorchid 2010/06/17  (rcs-revision d02a7cf4d8ae)
)
(/usr/local/texlive/2016/texmf-dist/tex/latex/beamer/themes/color/beamercolorth
emewhale.sty
Package: beamercolorthemewhale 2010/06/17  (rcs-revision d02a7cf4d8ae)
))
(/usr/local/texlive/2016/texmf-dist/tex/latex/beamer/themes/color/beamercolorth
emerose.sty
Package: beamercolorthemerose 2010/06/17  (rcs-revision d02a7cf4d8ae)
)
(/usr/local/texlive/2016/texmf-dist/tex/latex/pgf/frontendlayer/tikz.sty
(/usr/local/texlive/2016/texmf-dist/tex/latex/pgf/basiclayer/pgf.sty
Package: pgf 2015/08/07 v3.0.1a (rcs-revision 1.15)

(/usr/local/texlive/2016/texmf-dist/tex/generic/pgf/modules/pgfmoduleshapes.cod
e.tex
File: pgfmoduleshapes.code.tex 2014/03/21  (rcs-revision 1.35)
\pgfnodeparttextbox=\box53
)
(/usr/local/texlive/2016/texmf-dist/tex/generic/pgf/modules/pgfmoduleplot.code.
tex
File: pgfmoduleplot.code.tex 2015/08/03  (rcs-revision 1.13)
)
(/usr/local/texlive/2016/texmf-dist/tex/latex/pgf/compatibility/pgfcomp-version
-0-65.sty
Package: pgfcomp-version-0-65 2007/07/03 v3.0.1a (rcs-revision 1.7)
\pgf@nodesepstart=\dimen188
\pgf@nodesepend=\dimen189
)
(/usr/local/texlive/2016/texmf-dist/tex/latex/pgf/compatibility/pgfcomp-version
-1-18.sty
Package: pgfcomp-version-1-18 2007/07/23 v3.0.1a (rcs-revision 1.1)
))
(/usr/local/texlive/2016/texmf-dist/tex/latex/pgf/utilities/pgffor.sty
(/usr/local/texlive/2016/texmf-dist/tex/latex/pgf/utilities/pgfkeys.sty
(/usr/local/texlive/2016/texmf-dist/tex/generic/pgf/utilities/pgfkeys.code.tex)
) (/usr/local/texlive/2016/texmf-dist/tex/latex/pgf/math/pgfmath.sty
(/usr/local/texlive/2016/texmf-dist/tex/generic/pgf/math/pgfmath.code.tex))
(/usr/local/texlive/2016/texmf-dist/tex/generic/pgf/utilities/pgffor.code.tex
Package: pgffor 2013/12/13 v3.0.1a (rcs-revision 1.25)

(/usr/local/texlive/2016/texmf-dist/tex/generic/pgf/math/pgfmath.code.tex)
\pgffor@iter=\dimen190
\pgffor@skip=\dimen191
\pgffor@stack=\toks43
\pgffor@toks=\toks44
))
(/usr/local/texlive/2016/texmf-dist/tex/generic/pgf/frontendlayer/tikz/tikz.cod
e.tex
Package: tikz 2015/08/07 v3.0.1a (rcs-revision 1.151)

(/usr/local/texlive/2016/texmf-dist/tex/generic/pgf/libraries/pgflibraryplothan
dlers.code.tex
File: pgflibraryplothandlers.code.tex 2013/08/31 v3.0.1a (rcs-revision 1.20)
\pgf@plot@mark@count=\count153
\pgfplotmarksize=\dimen192
)
\tikz@lastx=\dimen193
\tikz@lasty=\dimen194
\tikz@lastxsaved=\dimen195
\tikz@lastysaved=\dimen196
\tikzleveldistance=\dimen197
\tikzsiblingdistance=\dimen198
\tikz@figbox=\box54
\tikz@figbox@bg=\box55
\tikz@tempbox=\box56
\tikz@tempbox@bg=\box57
\tikztreelevel=\count154
\tikznumberofchildren=\count155
\tikznumberofcurrentchild=\count156
\tikz@fig@count=\count157

(/usr/local/texlive/2016/texmf-dist/tex/generic/pgf/modules/pgfmodulematrix.cod
e.tex
File: pgfmodulematrix.code.tex 2013/09/17  (rcs-revision 1.8)
\pgfmatrixcurrentrow=\count158
\pgfmatrixcurrentcolumn=\count159
\pgf@matrix@numberofcolumns=\count160
)
\tikz@expandcount=\count161

(/usr/local/texlive/2016/texmf-dist/tex/generic/pgf/frontendlayer/tikz/librarie
s/tikzlibrarytopaths.code.tex
File: tikzlibrarytopaths.code.tex 2008/06/17 v3.0.1a (rcs-revision 1.2)
)))
(/usr/local/texlive/2016/texmf-dist/tex/latex/ms/ragged2e.sty
Package: ragged2e 2009/05/21 v2.1 ragged2e Package (MS)

(/usr/local/texlive/2016/texmf-dist/tex/latex/ms/everysel.sty
Package: everysel 2011/10/28 v1.2 EverySelectfont Package (MS)
)
\CenteringLeftskip=\skip57
\RaggedLeftLeftskip=\skip58
\RaggedRightLeftskip=\skip59
\CenteringRightskip=\skip60
\RaggedLeftRightskip=\skip61
\RaggedRightRightskip=\skip62
\CenteringParfillskip=\skip63
\RaggedLeftParfillskip=\skip64
\RaggedRightParfillskip=\skip65
\JustifyingParfillskip=\skip66
\CenteringParindent=\skip67
\RaggedLeftParindent=\skip68
\RaggedRightParindent=\skip69
\JustifyingParindent=\skip70
)
(/usr/local/texlive/2016/texmf-dist/tex/latex/caption/caption.sty
Package: caption 2016/02/21 v3.3-144 Customizing captions (AR)

(/usr/local/texlive/2016/texmf-dist/tex/latex/caption/caption3.sty
Package: caption3 2016/02/04 v1.7-139 caption3 kernel (AR)
Package caption3 Info: TeX engine: e-TeX on input line 67.
\captionmargin=\dimen199
\captionmargin@=\dimen256
\captionwidth=\dimen257
\caption@tempdima=\dimen258
\caption@indent=\dimen259
\caption@parindent=\dimen260
\caption@hangindent=\dimen261
)
\c@ContinuedFloat=\count162
Package caption Info: beamer document class.
Package caption Info: hyperref package is loaded.
Package caption Info: Hyperref support is turned off
(caption)             because hyperref has stopped early.
)
(./Lecture1.aux

LaTeX Warning: Label `fig:c' multiply defined.


LaTeX Warning: Label `fig:a' multiply defined.


LaTeX Warning: Label `fig:b' multiply defined.


LaTeX Warning: Label `fig:b' multiply defined.


LaTeX Warning: Label `fig:c' multiply defined.


LaTeX Warning: Label `fig:a' multiply defined.


LaTeX Warning: Label `fig:b' multiply defined.


LaTeX Warning: Label `fig:c' multiply defined.

)
\openout1 = `Lecture1.aux'.

LaTeX Font Info:    Checking defaults for OML/cmm/m/it on input line 58.
LaTeX Font Info:    ... okay on input line 58.
LaTeX Font Info:    Checking defaults for T1/cmr/m/n on input line 58.
LaTeX Font Info:    ... okay on input line 58.
LaTeX Font Info:    Checking defaults for OT1/cmr/m/n on input line 58.
LaTeX Font Info:    ... okay on input line 58.
LaTeX Font Info:    Checking defaults for OMS/cmsy/m/n on input line 58.
LaTeX Font Info:    ... okay on input line 58.
LaTeX Font Info:    Checking defaults for OMX/cmex/m/n on input line 58.
LaTeX Font Info:    ... okay on input line 58.
LaTeX Font Info:    Checking defaults for U/cmr/m/n on input line 58.
LaTeX Font Info:    ... okay on input line 58.
LaTeX Font Info:    Checking defaults for PD1/pdf/m/n on input line 58.
LaTeX Font Info:    ... okay on input line 58.

*geometry* driver: auto-detecting
*geometry* detected driver: pdftex
*geometry* verbose mode - [ preamble ] result:
* driver: pdftex
* paper: custom
* layout: <same size as paper>
* layoutoffset:(h,v)=(0.0pt,0.0pt)
* modes: includehead includefoot 
* h-part:(L,W,R)=(28.45274pt, 398.3386pt, 28.45274pt)
* v-part:(T,H,B)=(0.0pt, 256.0748pt, 0.0pt)
* \paperwidth=455.24408pt
* \paperheight=256.0748pt
* \textwidth=398.3386pt
* \textheight=227.62207pt
* \oddsidemargin=-43.81725pt
* \evensidemargin=-43.81725pt
* \topmargin=-72.26999pt
* \headheight=14.22636pt
* \headsep=0.0pt
* \topskip=11.0pt
* \footskip=14.22636pt
* \marginparwidth=4.0pt
* \marginparsep=10.0pt
* \columnsep=10.0pt
* \skip\footins=10.0pt plus 4.0pt minus 2.0pt
* \hoffset=0.0pt
* \voffset=0.0pt
* \mag=1000
* \@twocolumnfalse
* \@twosidefalse
* \@mparswitchfalse
* \@reversemarginfalse
* (1in=72.27pt=25.4mm, 1cm=28.453pt)

(/usr/local/texlive/2016/texmf-dist/tex/context/base/mkii/supp-pdf.mkii
[Loading MPS to PDF converter (version 2006.09.02).]
\scratchcounter=\count163
\scratchdimen=\dimen262
\scratchbox=\box58
\nofMPsegments=\count164
\nofMParguments=\count165
\everyMPshowfont=\toks45
\MPscratchCnt=\count166
\MPscratchDim=\dimen263
\MPnumerator=\count167
\makeMPintoPDFobject=\count168
\everyMPtoPDFconversion=\toks46
) (/usr/local/texlive/2016/texmf-dist/tex/latex/oberdiek/epstopdf-base.sty
Package: epstopdf-base 2016/05/15 v2.6 Base part for package epstopdf

(/usr/local/texlive/2016/texmf-dist/tex/latex/oberdiek/grfext.sty
Package: grfext 2016/05/16 v1.2 Manage graphics extensions (HO)
)
Package grfext Info: Graphics extension search list:
(grfext)             [.png,.pdf,.jpg,.mps,.jpeg,.jbig2,.jb2,.PNG,.PDF,.JPG,.JPE
G,.JBIG2,.JB2,.eps]
(grfext)             \AppendGraphicsExtensions on input line 456.

(/usr/local/texlive/2016/texmf-dist/tex/latex/latexconfig/epstopdf-sys.cfg
File: epstopdf-sys.cfg 2010/07/13 v1.3 Configuration of (r)epstopdf for TeX Liv
e
))
ABD: EveryShipout initializing macros
\AtBeginShipoutBox=\box59
Package hyperref Info: Link coloring OFF on input line 58.

(/usr/local/texlive/2016/texmf-dist/tex/latex/hyperref/nameref.sty
Package: nameref 2012/10/27 v2.43 Cross-referencing by name of section

(/usr/local/texlive/2016/texmf-dist/tex/generic/oberdiek/gettitlestring.sty
Package: gettitlestring 2016/05/16 v1.5 Cleanup title references (HO)
)
\c@section@level=\count169
)
LaTeX Info: Redefining \ref on input line 58.
LaTeX Info: Redefining \pageref on input line 58.
LaTeX Info: Redefining \nameref on input line 58.

(./Lecture1.out) (./Lecture1.out)
\@outlinefile=\write5
\openout5 = `Lecture1.out'.

LaTeX Font Info:    Overwriting symbol font `operators' in version `normal'
(Font)                  OT1/cmr/m/n --> OT1/cmss/m/n on input line 58.
LaTeX Font Info:    Overwriting symbol font `operators' in version `bold'
(Font)                  OT1/cmr/bx/n --> OT1/cmss/bx/n on input line 58.
\symnumbers=\mathgroup6
\sympureletters=\mathgroup7
LaTeX Font Info:    Overwriting math alphabet `\mathrm' in version `normal'
(Font)                  OT1/cmss/m/n --> OT1/cmr/m/n on input line 58.
LaTeX Font Info:    Redeclaring math alphabet \mathbf on input line 58.
LaTeX Font Info:    Overwriting math alphabet `\mathbf' in version `normal'
(Font)                  OT1/cmr/bx/n --> OT1/cmss/bx/n on input line 58.
LaTeX Font Info:    Overwriting math alphabet `\mathbf' in version `bold'
(Font)                  OT1/cmr/bx/n --> OT1/cmss/bx/n on input line 58.
LaTeX Font Info:    Redeclaring math alphabet \mathsf on input line 58.
LaTeX Font Info:    Overwriting math alphabet `\mathsf' in version `normal'
(Font)                  OT1/cmss/m/n --> OT1/cmss/m/n on input line 58.
LaTeX Font Info:    Overwriting math alphabet `\mathsf' in version `bold'
(Font)                  OT1/cmss/bx/n --> OT1/cmss/m/n on input line 58.
LaTeX Font Info:    Redeclaring math alphabet \mathit on input line 58.
LaTeX Font Info:    Overwriting math alphabet `\mathit' in version `normal'
(Font)                  OT1/cmr/m/it --> OT1/cmss/m/it on input line 58.
LaTeX Font Info:    Overwriting math alphabet `\mathit' in version `bold'
(Font)                  OT1/cmr/bx/it --> OT1/cmss/m/it on input line 58.
LaTeX Font Info:    Redeclaring math alphabet \mathtt on input line 58.
LaTeX Font Info:    Overwriting math alphabet `\mathtt' in version `normal'
(Font)                  OT1/cmtt/m/n --> OT1/cmtt/m/n on input line 58.
LaTeX Font Info:    Overwriting math alphabet `\mathtt' in version `bold'
(Font)                  OT1/cmtt/m/n --> OT1/cmtt/m/n on input line 58.
LaTeX Font Info:    Overwriting symbol font `numbers' in version `bold'
(Font)                  OT1/cmss/m/n --> OT1/cmss/bx/n on input line 58.
LaTeX Font Info:    Overwriting symbol font `pureletters' in version `bold'
(Font)                  OT1/cmss/m/it --> OT1/cmss/bx/it on input line 58.
LaTeX Font Info:    Overwriting math alphabet `\mathrm' in version `bold'
(Font)                  OT1/cmss/bx/n --> OT1/cmr/bx/n on input line 58.
LaTeX Font Info:    Overwriting math alphabet `\mathbf' in version `bold'
(Font)                  OT1/cmss/bx/n --> OT1/cmss/bx/n on input line 58.
LaTeX Font Info:    Overwriting math alphabet `\mathsf' in version `bold'
(Font)                  OT1/cmss/m/n --> OT1/cmss/bx/n on input line 58.
LaTeX Font Info:    Overwriting math alphabet `\mathit' in version `bold'
(Font)                  OT1/cmss/m/it --> OT1/cmss/bx/it on input line 58.
LaTeX Font Info:    Overwriting math alphabet `\mathtt' in version `bold'
(Font)                  OT1/cmtt/m/n --> OT1/cmtt/bx/n on input line 58.
LaTeX Font Info:    Redeclaring symbol font `pureletters' on input line 58.
LaTeX Font Info:    Overwriting symbol font `pureletters' in version `normal'
(Font)                  OT1/cmss/m/it --> OT1/mathkerncmss/m/sl on input line 5
8.
LaTeX Font Info:    Overwriting symbol font `pureletters' in version `bold'
(Font)                  OT1/cmss/bx/it --> OT1/mathkerncmss/m/sl on input line 
58.
LaTeX Font Info:    Overwriting symbol font `pureletters' in version `bold'
(Font)                  OT1/mathkerncmss/m/sl --> OT1/mathkerncmss/bx/sl on inp
ut line 58.

(/usr/local/texlive/2016/texmf-dist/tex/latex/beamer/translator/dicts/translato
r-basic-dictionary/translator-basic-dictionary-English.dict
Dictionary: translator-basic-dictionary, Language: English 
)
(/usr/local/texlive/2016/texmf-dist/tex/latex/beamer/translator/dicts/translato
r-bibliography-dictionary/translator-bibliography-dictionary-English.dict
Dictionary: translator-bibliography-dictionary, Language: English 
)
(/usr/local/texlive/2016/texmf-dist/tex/latex/beamer/translator/dicts/translato
r-environment-dictionary/translator-environment-dictionary-English.dict
Dictionary: translator-environment-dictionary, Language: English 
)
(/usr/local/texlive/2016/texmf-dist/tex/latex/beamer/translator/dicts/translato
r-months-dictionary/translator-months-dictionary-English.dict
Dictionary: translator-months-dictionary, Language: English 
)
(/usr/local/texlive/2016/texmf-dist/tex/latex/beamer/translator/dicts/translato
r-numbers-dictionary/translator-numbers-dictionary-English.dict
Dictionary: translator-numbers-dictionary, Language: English 
)
(/usr/local/texlive/2016/texmf-dist/tex/latex/beamer/translator/dicts/translato
r-theorem-dictionary/translator-theorem-dictionary-English.dict
Dictionary: translator-theorem-dictionary, Language: English 
)
LaTeX Info: Redefining \includegraphics on input line 58.

ABD: EverySelectfont initializing macros
LaTeX Info: Redefining \selectfont on input line 58.
Package caption Info: Begin \AtBeginDocument code.
Package caption Info: End \AtBeginDocument code.
 (./Lecture1.nav) [1

{/usr/local/texlive/2016/texmf-var/fonts/map/pdftex/updmap/pdftex.map}]

LaTeX Font Warning: Font shape `OT1/cmss/m/n' in size <4> not available
(Font)              size <5> substituted on input line 71.

[2

] [3

] [4

]
LaTeX Font Info:    Try loading font information for U+msa on input line 115.
 (/usr/local/texlive/2016/texmf-dist/tex/latex/amsfonts/umsa.fd
File: umsa.fd 2013/01/14 v3.01 AMS symbols A
)
LaTeX Font Info:    Try loading font information for U+msb on input line 115.

(/usr/local/texlive/2016/texmf-dist/tex/latex/amsfonts/umsb.fd
File: umsb.fd 2013/01/14 v3.01 AMS symbols B
)
LaTeX Font Info:    Try loading font information for OT1+mathkerncmss on input 
line 115.

(/usr/local/texlive/2016/texmf-dist/tex/latex/sansmathaccent/ot1mathkerncmss.fd
File: ot1mathkerncmss.fd 2013/03/27 Fontinst v1.933 font definitions for OT1/ma
thkerncmss.
)
Overfull \vbox (1.48013pt too high) detected at line 115
 []

[5

]
Overfull \vbox (1.48013pt too high) detected at line 115
 []

[6

]
Overfull \vbox (1.48013pt too high) detected at line 115
 []

[7

]
Overfull \vbox (1.48013pt too high) detected at line 115
 []

[8

] [9

] [10

] [11

] [12

] [13

] [14

]
<preksha.jpg, id=401, 903.375pt x 908.39375pt>
File: preksha.jpg Graphic file (type jpg)
 <use preksha.jpg>
Package pdftex.def Info: preksha.jpg used on input line 246.
(pdftex.def)             Requested size: 45.80807pt x 46.05995pt.

<poonam.jpg, id=402, 959.585pt x 963.6pt>
File: poonam.jpg Graphic file (type jpg)
 <use poonam.jpg>
Package pdftex.def Info: poonam.jpg used on input line 246.
(pdftex.def)             Requested size: 45.80807pt x 45.99202pt.

<ditty.jpg, id=403, 190.46156pt x 201.00093pt>
File: ditty.jpg Graphic file (type jpg)
 <use ditty.jpg>
Package pdftex.def Info: ditty.jpg used on input line 246.
(pdftex.def)             Requested size: 43.81747pt x 46.2415pt.

<rupam.jpg, id=404, 406.51875pt x 374.90062pt>
File: rupam.jpg Graphic file (type jpg)
 <use rupam.jpg>
Package pdftex.def Info: rupam.jpg used on input line 246.
(pdftex.def)             Requested size: 45.80807pt x 42.24028pt.

<dilip.jpg, id=405, 71.51718pt x 58.71938pt>
File: dilip.jpg Graphic file (type jpg)
 <use dilip.jpg>
Package pdftex.def Info: dilip.jpg used on input line 246.
(pdftex.def)             Requested size: 51.30482pt x 42.12468pt.

<bee.png, id=406, 176.15813pt x 210.7875pt>
File: bee.png Graphic file (type png)
 <use bee.png>
Package pdftex.def Info: bee.png used on input line 246.
(pdftex.def)             Requested size: 36.6459pt x 43.84854pt.

<shreyas.jpg, id=407, 100.375pt x 100.375pt>
File: shreyas.jpg Graphic file (type jpg)
 <use shreyas.jpg>
Package pdftex.def Info: shreyas.jpg used on input line 246.
(pdftex.def)             Requested size: 45.80807pt x 45.80853pt.

<ayesha.jpg, id=408, 301.125pt x 365.365pt>
File: ayesha.jpg Graphic file (type jpg)
 <use ayesha.jpg>
Package pdftex.def Info: ayesha.jpg used on input line 246.
(pdftex.def)             Requested size: 36.6459pt x 44.46072pt.

<sidharth.jpg, id=409, 374.39874pt x 413.545pt>
File: sidharth.jpg Graphic file (type jpg)
 <use sidharth.jpg>
Package pdftex.def Info: sidharth.jpg used on input line 246.
(pdftex.def)             Requested size: 32.06621pt x 35.41904pt.

<sidb2.jpg, id=410, 422.57875pt x 508.90125pt>
File: sidb2.jpg Graphic file (type jpg)
 <use sidb2.jpg>
Package pdftex.def Info: sidb2.jpg used on input line 246.
(pdftex.def)             Requested size: 36.6459pt x 44.12961pt.

<Ashish.jpg, id=411, 963.6pt x 963.6pt>
File: Ashish.jpg Graphic file (type jpg)
 <use Ashish.jpg>
Package pdftex.def Info: Ashish.jpg used on input line 246.
(pdftex.def)             Requested size: 36.6459pt x 36.6407pt.

<hdk2.jpg, id=412, 215.80624pt x 234.8775pt>
File: hdk2.jpg Graphic file (type jpg)
 <use hdk2.jpg>
Package pdftex.def Info: hdk2.jpg used on input line 246.
(pdftex.def)             Requested size: 36.6459pt x 39.88205pt.

Overfull \vbox (4.9048pt too high) detected at line 246
 []

[15

pdfTeX warning (ext4): destination with the same identifier (name{fig:c}) has b
een already used, duplicate ignored

\@EveryShipout@Output ...@Org@Shipout \box \@cclv 
                                                  
l.246 \end{frame}
                 pdfTeX warning (ext4): destination with the same identifier (n
ame{fig:a}) has been already used, duplicate ignored

\@EveryShipout@Output ...@Org@Shipout \box \@cclv 
                                                  
l.246 \end{frame}
                 pdfTeX warning (ext4): destination with the same identifier (n
ame{fig:b}) has been already used, duplicate ignored

\@EveryShipout@Output ...@Org@Shipout \box \@cclv 
                                                  
l.246 \end{frame}
                 pdfTeX warning (ext4): destination with the same identifier (n
ame{fig:b}) has been already used, duplicate ignored

\@EveryShipout@Output ...@Org@Shipout \box \@cclv 
                                                  
l.246 \end{frame}
                 pdfTeX warning (ext4): destination with the same identifier (n
ame{fig:c}) has been already used, duplicate ignored

\@EveryShipout@Output ...@Org@Shipout \box \@cclv 
                                                  
l.246 \end{frame}
                 pdfTeX warning (ext4): destination with the same identifier (n
ame{fig:a}) has been already used, duplicate ignored

\@EveryShipout@Output ...@Org@Shipout \box \@cclv 
                                                  
l.246 \end{frame}
                 pdfTeX warning (ext4): destination with the same identifier (n
ame{fig:b}) has been already used, duplicate ignored

\@EveryShipout@Output ...@Org@Shipout \box \@cclv 
                                                  
l.246 \end{frame}
                 pdfTeX warning (ext4): destination with the same identifier (n
ame{fig:c}) has been already used, duplicate ignored

\@EveryShipout@Output ...@Org@Shipout \box \@cclv 
                                                  
l.246 \end{frame}
                  <./preksha.jpg> <./poonam.jpg> <./ditty.jpg> <./rupam.jpg> <.
/dilip.jpg> <./bee.png> <./shreyas.jpg> <./ayesha.jpg> <./sidharth.jpg> <./sidb
2.jpg> <./Ashish.jpg> <./hdk2.jpg>] [16

] [17

]
<"Biological_Neuron/1871".jpg, id=496, 165.61874pt x 222.07968pt>
File: "Biological_Neuron/1871".jpg Graphic file (type jpg)

<use "Biological_Neuron/1871".jpg>
Package pdftex.def Info: "Biological_Neuron/1871".jpg used on input line 339.
(pdftex.def)             Requested size: 82.80916pt x 111.03957pt.

Overfull \hbox (6.07849pt too wide) in paragraph at lines 339--339
[][]  
 []


Overfull \vbox (158.96637pt too high) detected at line 339
 []

[18

 <./Biological_Neuron/1871.jpg>]
<"Biological_Neuron/1873".jpg, id=523, 223.83624pt x 301.125pt>
File: "Biological_Neuron/1873".jpg Graphic file (type jpg)

<use "Biological_Neuron/1873".jpg>
Package pdftex.def Info: "Biological_Neuron/1873".jpg used on input line 339.
(pdftex.def)             Requested size: 111.91785pt x 150.56212pt.

Overfull \hbox (6.07849pt too wide) in paragraph at lines 339--339
[][]  
 []


Overfull \vbox (158.96637pt too high) detected at line 339
 []

[19

 <./Biological_Neuron/1873.jpg>]
<"Biological_Neuron/1899_1".jpg, id=551, 301.125pt x 395.4775pt>
File: "Biological_Neuron/1899_1".jpg Graphic file (type jpg)

<use "Biological_Neuron/1899_1".jpg>
Package pdftex.def Info: "Biological_Neuron/1899_1".jpg used on input line 339.

(pdftex.def)             Requested size: 90.33818pt x 118.64417pt.

Overfull \hbox (6.07849pt too wide) in paragraph at lines 339--339
[][]  
 []


Overfull \vbox (158.96637pt too high) detected at line 339
 []

[20

 <./Biological_Neuron/1899_1.jpg>]
Underfull \hbox (badness 1371) in paragraph at lines 339--339
[]\OT1/cmss/m/n/10.95 The term neu-ron was coined by Hein-
 []

<"Biological_Neuron/1891".jpg, id=578, 250.9375pt x 355.3275pt>
File: "Biological_Neuron/1891".jpg Graphic file (type jpg)

<use "Biological_Neuron/1891".jpg>
Package pdftex.def Info: "Biological_Neuron/1891".jpg used on input line 339.
(pdftex.def)             Requested size: 75.28181pt x 106.59906pt.

Overfull \hbox (6.07849pt too wide) in paragraph at lines 339--339
[][]  
 []


Overfull \vbox (158.96637pt too high) detected at line 339
 []

[21

 <./Biological_Neuron/1891.jpg>]
<"Biological_Neuron/1906".jpg, id=604, 476.78125pt x 328.22626pt>
File: "Biological_Neuron/1906".jpg Graphic file (type jpg)

<use "Biological_Neuron/1906".jpg>
Package pdftex.def Info: "Biological_Neuron/1906".jpg used on input line 339.
(pdftex.def)             Requested size: 143.03548pt x 98.46863pt.

Overfull \hbox (6.07849pt too wide) in paragraph at lines 339--339
[][]  
 []


Overfull \vbox (158.96637pt too high) detected at line 339
 []

[22

 <./Biological_Neuron/1906.jpg>]
Underfull \hbox (badness 3579) in paragraph at lines 339--339
\OT1/cmss/m/n/10.95 firmed the neu-ron doc-trine by un-am-
 []


Underfull \hbox (badness 1496) in paragraph at lines 339--339
\OT1/cmss/m/n/10.95 bigu-ously demon-strated that nerve cells
 []

<"Biological_Neuron/1950".jpg, id=631, 1284.8pt x 722.7pt>
File: "Biological_Neuron/1950".jpg Graphic file (type jpg)

<use "Biological_Neuron/1950".jpg>
Package pdftex.def Info: "Biological_Neuron/1950".jpg used on input line 339.
(pdftex.def)             Requested size: 192.71169pt x 108.40031pt.

Overfull \hbox (6.07849pt too wide) in paragraph at lines 339--339
[][]  
 []


Overfull \vbox (158.96637pt too high) detected at line 339
 []

[23

 <./Biological_Neuron/1950.jpg>] [24

]
<"Artificial_Neuron/1943".jpg, id=685, 352.31625pt x 322.20375pt>
File: "Artificial_Neuron/1943".jpg Graphic file (type jpg)

<use "Artificial_Neuron/1943".jpg>
Package pdftex.def Info: "Artificial_Neuron/1943".jpg used on input line 470.
(pdftex.def)             Requested size: 176.15768pt x 161.10147pt.

Overfull \hbox (32.29973pt too wide) in paragraph at lines 470--470
[][]  
 []


Overfull \vbox (14.59999pt too high) detected at line 470
 []

[25

 <./Artificial_Neuron/1943.jpg>]
<"Artificial_Neuron/1957".jpg, id=713, 409.53pt x 351.3125pt>
File: "Artificial_Neuron/1957".jpg Graphic file (type jpg)

<use "Artificial_Neuron/1957".jpg>
Package pdftex.def Info: "Artificial_Neuron/1957".jpg used on input line 470.
(pdftex.def)             Requested size: 163.80908pt x 140.5225pt.

Overfull \hbox (32.29973pt too wide) in paragraph at lines 470--470
[][]  
 []


Overfull \vbox (14.59999pt too high) detected at line 470
 []

[26

 <./Artificial_Neuron/1957.jpg>]
<"Artificial_Neuron/1958_1".jpeg, id=742, 220.825pt x 272.01625pt>
File: "Artificial_Neuron/1958_1".jpeg Graphic file (type jpg)

<use "Artificial_Neuron/1958_1".jpeg>
Package pdftex.def Info: "Artificial_Neuron/1958_1".jpeg used on input line 470
.
(pdftex.def)             Requested size: 110.41222pt x 136.00778pt.

Overfull \hbox (32.29973pt too wide) in paragraph at lines 470--470
[][]  
 []


Overfull \vbox (14.59999pt too high) detected at line 470
 []

[27

 <./Artificial_Neuron/1958_1.jpeg>]
Underfull \hbox (badness 10000) in paragraph at lines 470--470
[]\OT1/cmss/bx/n/14.4 First gen-er-a-tion Mul-ti-layer
 []

<"Artificial_Neuron/1965-1968".png, id=769, 664.4825pt x 502.87875pt>
File: "Artificial_Neuron/1965-1968".png Graphic file (type png)

<use "Artificial_Neuron/1965-1968".png>
Package pdftex.def Info: "Artificial_Neuron/1965-1968".png used on input line 4
70.
(pdftex.def)             Requested size: 166.12021pt x 125.71938pt.

Overfull \hbox (32.29973pt too wide) in paragraph at lines 470--470
[][]  
 []


Overfull \vbox (14.59999pt too high) detected at line 470
 []

[28

 <./Artificial_Neuron/1965-1968.png>]
<"Artificial_Neuron/1969".jpg, id=797, 639.38875pt x 578.16pt>
File: "Artificial_Neuron/1969".jpg Graphic file (type jpg)

<use "Artificial_Neuron/1969".jpg>
Package pdftex.def Info: "Artificial_Neuron/1969".jpg used on input line 470.
(pdftex.def)             Requested size: 159.84679pt x 144.53964pt.

Overfull \hbox (32.29973pt too wide) in paragraph at lines 470--470
[][]  
 []


Overfull \vbox (14.59999pt too high) detected at line 470
 []

[29

 <./Artificial_Neuron/1969.jpg>]
Overfull \hbox (32.29973pt too wide) in paragraph at lines 470--470
[][]  
 []


Overfull \vbox (14.59999pt too high) detected at line 470
 []

[30

] <"Artificial_Neuron/1986".jpg, id=849, 319.1925pt x 451.6875pt>
File: "Artificial_Neuron/1986".jpg Graphic file (type jpg)

<use "Artificial_Neuron/1986".jpg>
Package pdftex.def Info: "Artificial_Neuron/1986".jpg used on input line 470.
(pdftex.def)             Requested size: 95.75848pt x 135.5073pt.

Overfull \hbox (32.29973pt too wide) in paragraph at lines 470--470
[][]  
 []


Overfull \vbox (14.59999pt too high) detected at line 470
 []

[31

 <./Artificial_Neuron/1986.jpg>]
<"Artificial_Neuron/1847".jpg, id=876, 677.53125pt x 564.60938pt>
File: "Artificial_Neuron/1847".jpg Graphic file (type jpg)

<use "Artificial_Neuron/1847".jpg>
Package pdftex.def Info: "Artificial_Neuron/1847".jpg used on input line 470.
(pdftex.def)             Requested size: 135.50385pt x 112.91986pt.

Overfull \hbox (32.29973pt too wide) in paragraph at lines 470--470
[][]  
 []


Overfull \vbox (14.59999pt too high) detected at line 470
 []

[32

 <./Artificial_Neuron/1847.jpg>]
<"Artificial_Neuron/uat".jpg, id=904, 602.25pt x 642.4pt>
File: "Artificial_Neuron/uat".jpg Graphic file (type jpg)

<use "Artificial_Neuron/uat".jpg>
Package pdftex.def Info: "Artificial_Neuron/uat".jpg used on input line 470.
(pdftex.def)             Requested size: 120.44786pt x 128.47772pt.

Overfull \hbox (32.29973pt too wide) in paragraph at lines 470--470
[][]  
 []


Overfull \vbox (14.59999pt too high) detected at line 470
 []

[33

 <./Artificial_Neuron/uat.jpg>] [34

]
<"Renewed_Interest/2006_1".jpg, id=959, 86.3225pt x 226.8475pt>
File: "Renewed_Interest/2006_1".jpg Graphic file (type jpg)

<use "Renewed_Interest/2006_1".jpg>
Package pdftex.def Info: "Renewed_Interest/2006_1".jpg used on input line 616.
(pdftex.def)             Requested size: 60.42531pt x 158.79216pt.

Overfull \vbox (14.59999pt too high) detected at line 616
 []

[35

 <./Renewed_Interest/2006_1.jpg>]
File: "Renewed_Interest/2006_1".jpg Graphic file (type jpg)
 <use "Renewed_Interest/2006_1".jpg>
Package pdftex.def Info: "Renewed_Interest/2006_1".jpg used on input line 759.
(pdftex.def)             Requested size: 60.42531pt x 158.79216pt.

Overfull \hbox (32.29973pt too wide) in paragraph at lines 759--759
[][]  
 []


Overfull \vbox (14.59999pt too high) detected at line 759
 []

[36

] <"Renewed_Interest/2007".jpg, id=1013, 961.5925pt x 322.20375pt>
File: "Renewed_Interest/2007".jpg Graphic file (type jpg)

<use "Renewed_Interest/2007".jpg>
Package pdftex.def Info: "Renewed_Interest/2007".jpg used on input line 759.
(pdftex.def)             Requested size: 221.16162pt x 74.1053pt.

Overfull \hbox (21.99232pt too wide) in paragraph at lines 759--759
 [] 
 []


Overfull \hbox (32.29973pt too wide) in paragraph at lines 759--759
[][]  
 []


Overfull \vbox (14.59999pt too high) detected at line 759
 []

[37

 <./Renewed_Interest/2007.jpg>]
<"Renewed_Interest/2009".png, id=1041, 1105.12875pt x 977.6525pt>
File: "Renewed_Interest/2009".png Graphic file (type png)

<use "Renewed_Interest/2009".png>
Package pdftex.def Info: "Renewed_Interest/2009".png used on input line 759.
(pdftex.def)             Requested size: 165.76216pt x 146.64154pt.

Overfull \hbox (32.29973pt too wide) in paragraph at lines 759--759
[][]  
 []


Overfull \vbox (14.59999pt too high) detected at line 759
 []

[38

 <./Renewed_Interest/2009.png (PNG copy)>]
<"Renewed_Interest/2010_1".jpg, id=1068, 347.79938pt x 322.20375pt>
File: "Renewed_Interest/2010_1".jpg Graphic file (type jpg)

<use "Renewed_Interest/2010_1".jpg>
Package pdftex.def Info: "Renewed_Interest/2010_1".jpg used on input line 759.
(pdftex.def)             Requested size: 173.89926pt x 161.10147pt.

Overfull \hbox (32.29973pt too wide) in paragraph at lines 759--759
[][]  
 []


Overfull \vbox (14.59999pt too high) detected at line 759
 []

[39

 <./Renewed_Interest/2010_1.jpg>]
<"Renewed_Interest/2010".jpg, id=1095, 280.54813pt x 248.42813pt>
File: "Renewed_Interest/2010".jpg Graphic file (type jpg)

<use "Renewed_Interest/2010".jpg>
Package pdftex.def Info: "Renewed_Interest/2010".jpg used on input line 759.
(pdftex.def)             Requested size: 140.27371pt x 124.21376pt.

Overfull \hbox (32.29973pt too wide) in paragraph at lines 759--759
[][]  
 []


Overfull \vbox (14.59999pt too high) detected at line 759
 []

[40

 <./Renewed_Interest/2010.jpg (PNG copy)>]
<"Renewed_Interest/2011".jpg, id=1122, 289.08pt x 289.08pt>
File: "Renewed_Interest/2011".jpg Graphic file (type jpg)

<use "Renewed_Interest/2011".jpg>
Package pdftex.def Info: "Renewed_Interest/2011".jpg used on input line 759.
(pdftex.def)             Requested size: 115.62994pt x 115.62994pt.

Overfull \hbox (32.29973pt too wide) in paragraph at lines 759--759
[][]  
 []


Overfull \vbox (14.59999pt too high) detected at line 759
 []

[41

 <./Renewed_Interest/2011.jpg>]
<"Renewed_Interest/2012_1".jpg, id=1148, 501.875pt x 105.39375pt>
File: "Renewed_Interest/2012_1".jpg Graphic file (type jpg)

<use "Renewed_Interest/2012_1".jpg>
Package pdftex.def Info: "Renewed_Interest/2012_1".jpg used on input line 759.
(pdftex.def)             Requested size: 200.74643pt x 42.15674pt.

Overfull \hbox (1.57713pt too wide) in paragraph at lines 759--759
 [] 
 []


Overfull \hbox (32.29973pt too wide) in paragraph at lines 759--759
[][]  
 []


Overfull \vbox (14.59999pt too high) detected at line 759
 []

[42

 <./Renewed_Interest/2012_1.jpg>]
File: "Renewed_Interest/2012_1".jpg Graphic file (type jpg)
 <use "Renewed_Interest/2012_1".jpg>
Package pdftex.def Info: "Renewed_Interest/2012_1".jpg used on input line 759.
(pdftex.def)             Requested size: 200.74643pt x 42.15674pt.

Overfull \hbox (1.57713pt too wide) in paragraph at lines 759--759
 [] 
 []


Overfull \hbox (32.29973pt too wide) in paragraph at lines 759--759
[][]  
 []


Overfull \vbox (14.59999pt too high) detected at line 759
 []

[43

]
File: "Renewed_Interest/2012_1".jpg Graphic file (type jpg)
 <use "Renewed_Interest/2012_1".jpg>
Package pdftex.def Info: "Renewed_Interest/2012_1".jpg used on input line 759.
(pdftex.def)             Requested size: 200.74643pt x 42.15674pt.

Overfull \hbox (1.57713pt too wide) in paragraph at lines 759--759
 [] 
 []


Overfull \hbox (32.29973pt too wide) in paragraph at lines 759--759
[][]  
 []


Overfull \vbox (14.59999pt too high) detected at line 759
 []

[44

]
File: "Renewed_Interest/2012_1".jpg Graphic file (type jpg)
 <use "Renewed_Interest/2012_1".jpg>
Package pdftex.def Info: "Renewed_Interest/2012_1".jpg used on input line 759.
(pdftex.def)             Requested size: 200.74643pt x 42.15674pt.

Overfull \hbox (1.57713pt too wide) in paragraph at lines 759--759
 [] 
 []


Overfull \hbox (32.29973pt too wide) in paragraph at lines 759--759
[][]  
 []


Overfull \vbox (14.59999pt too high) detected at line 759
 []

[45

]
File: "Renewed_Interest/2012_1".jpg Graphic file (type jpg)
 <use "Renewed_Interest/2012_1".jpg>
Package pdftex.def Info: "Renewed_Interest/2012_1".jpg used on input line 759.
(pdftex.def)             Requested size: 200.74643pt x 42.15674pt.

Overfull \hbox (1.57713pt too wide) in paragraph at lines 759--759
 [] 
 []


Overfull \hbox (32.29973pt too wide) in paragraph at lines 759--759
[][]  
 []


Overfull \vbox (14.59999pt too high) detected at line 759
 []

[46

] [47

]
<"Renewed_Interest/CNN_History/1959".jpg, id=1309, 642.4pt x 425.59pt>
File: "Renewed_Interest/CNN_History/1959".jpg Graphic file (type jpg)

<use "Renewed_Interest/CNN_History/1959".jpg>
Package pdftex.def Info: "Renewed_Interest/CNN_History/1959".jpg used on input 
line 824.
(pdftex.def)             Requested size: 192.72148pt x 127.67798pt.

Overfull \hbox (17.3728pt too wide) in paragraph at lines 824--824
[][]  
 []


Overfull \vbox (158.96637pt too high) detected at line 824
 []

[48

 <./Renewed_Interest/CNN_History/1959.jpg>]
<"Renewed_Interest/CNN_History/1980".jpg, id=1337, 289.08pt x 175.65625pt>
File: "Renewed_Interest/CNN_History/1980".jpg Graphic file (type jpg)

<use "Renewed_Interest/CNN_History/1980".jpg>
Package pdftex.def Info: "Renewed_Interest/CNN_History/1980".jpg used on input 
line 824.
(pdftex.def)             Requested size: 144.53964pt x 87.8279pt.

Overfull \hbox (17.3728pt too wide) in paragraph at lines 824--824
[][]  
 []


Overfull \vbox (158.96637pt too high) detected at line 824
 []

[49

 <./Renewed_Interest/CNN_History/1980.jpg>]
<"Renewed_Interest/CNN_History/1989".jpeg, id=1365, 404.51125pt x 228.855pt>
File: "Renewed_Interest/CNN_History/1989".jpeg Graphic file (type jpg)

<use "Renewed_Interest/CNN_History/1989".jpeg>
Package pdftex.def Info: "Renewed_Interest/CNN_History/1989".jpeg used on input
 line 824.
(pdftex.def)             Requested size: 202.25513pt x 114.42722pt.

Overfull \hbox (3.08583pt too wide) in paragraph at lines 824--824
 [] 
 []


Overfull \hbox (17.3728pt too wide) in paragraph at lines 824--824
[][]  
 []


Overfull \vbox (158.96637pt too high) detected at line 824
 []

[50

 <./Renewed_Interest/CNN_History/1989.jpeg>]
Underfull \hbox (badness 5533) in paragraph at lines 824--824
[]\OT1/cmss/m/n/10.95 Introduced the (now fa-mous) MNIST
 []

<"Renewed_Interest/CNN_History/1998".jpg, id=1392, 221.82875pt x 228.855pt>
File: "Renewed_Interest/CNN_History/1998".jpg Graphic file (type jpg)

<use "Renewed_Interest/CNN_History/1998".jpg>
Package pdftex.def Info: "Renewed_Interest/CNN_History/1998".jpg used on input 
line 824.
(pdftex.def)             Requested size: 110.9141pt x 114.42722pt.

Overfull \hbox (17.3728pt too wide) in paragraph at lines 824--824
[][]  
 []


Overfull \vbox (158.96637pt too high) detected at line 824
 []

[51

 <./Renewed_Interest/CNN_History/1998.jpg>] [52

] [53

]
<"images/sgd_quiver84".jpg, id=1472, 484.209pt x 359.9046pt>
File: "images/sgd_quiver84".jpg Graphic file (type jpg)

<use "images/sgd_quiver84".jpg>
Package pdftex.def Info: "images/sgd_quiver84".jpg used on input line 909.
(pdftex.def)             Requested size: 145.26381pt x 107.9722pt.

Overfull \vbox (158.96637pt too high) detected at line 909
 []

[54

 <./images/sgd_quiver84.jpg>]
File: "images/sgd_quiver84".jpg Graphic file (type jpg)
 <use "images/sgd_quiver84".jpg>
Package pdftex.def Info: "images/sgd_quiver84".jpg used on input line 909.
(pdftex.def)             Requested size: 145.26381pt x 107.9722pt.

Overfull \vbox (158.96637pt too high) detected at line 909
 []

[55

]
File: "images/sgd_quiver84".jpg Graphic file (type jpg)
 <use "images/sgd_quiver84".jpg>
Package pdftex.def Info: "images/sgd_quiver84".jpg used on input line 909.
(pdftex.def)             Requested size: 145.26381pt x 107.9722pt.

Overfull \vbox (158.96637pt too high) detected at line 909
 []

[56

]
File: "images/sgd_quiver84".jpg Graphic file (type jpg)
 <use "images/sgd_quiver84".jpg>
Package pdftex.def Info: "images/sgd_quiver84".jpg used on input line 909.
(pdftex.def)             Requested size: 145.26381pt x 107.9722pt.

Overfull \vbox (158.96637pt too high) detected at line 909
 []

[57

]
File: "images/sgd_quiver84".jpg Graphic file (type jpg)
 <use "images/sgd_quiver84".jpg>
Package pdftex.def Info: "images/sgd_quiver84".jpg used on input line 909.
(pdftex.def)             Requested size: 145.26381pt x 107.9722pt.

Overfull \vbox (158.96637pt too high) detected at line 909
 []

[58

]
File: "images/sgd_quiver84".jpg Graphic file (type jpg)
 <use "images/sgd_quiver84".jpg>
Package pdftex.def Info: "images/sgd_quiver84".jpg used on input line 909.
(pdftex.def)             Requested size: 145.26381pt x 107.9722pt.

Overfull \vbox (158.96637pt too high) detected at line 909
 []

[59

] [60

]
Overfull \hbox (14.74255pt too wide) in paragraph at lines 1017--1017
[][]  
 []


Overfull \vbox (158.96637pt too high) detected at line 1017
 []

[61

]
Underfull \hbox (badness 1152) in paragraph at lines 1017--1017
[]\OT1/cmss/m/n/10.95 Content-addressable mem-ory sys-tems for
 []

<"RNN/1982_1".jpg, id=1686, 950.55125pt x 456.70625pt>
File: "RNN/1982_1".jpg Graphic file (type jpg)
 <use "RNN/1982_1".jpg>
Package pdftex.def Info: "RNN/1982_1".jpg used on input line 1017.
(pdftex.def)             Requested size: 237.63722pt x 114.17627pt.

Overfull \hbox (38.46793pt too wide) in paragraph at lines 1017--1017
 [] 
 []


Overfull \hbox (14.74255pt too wide) in paragraph at lines 1017--1017
[][]  
 []


Overfull \vbox (158.96637pt too high) detected at line 1017
 []

[62

 <./RNN/1982_1.jpg>] <"RNN/1986".jpg, id=1715, 361.35pt x 531.9875pt>
File: "RNN/1986".jpg Graphic file (type jpg)

<use "RNN/1986".jpg>
Package pdftex.def Info: "RNN/1986".jpg used on input line 1017.
(pdftex.def)             Requested size: 108.40584pt x 159.59747pt.

Overfull \hbox (14.74255pt too wide) in paragraph at lines 1017--1017
[][]  
 []


Overfull \vbox (158.96637pt too high) detected at line 1017
 []

[63

 <./RNN/1986.jpg>] <"RNN/1990".jpg, id=1742, 365.365pt x 501.875pt>
File: "RNN/1990".jpg Graphic file (type jpg)

<use "RNN/1990".jpg>
Package pdftex.def Info: "RNN/1990".jpg used on input line 1017.
(pdftex.def)             Requested size: 109.61034pt x 150.56366pt.

Overfull \hbox (14.74255pt too wide) in paragraph at lines 1017--1017
[][]  
 []


Overfull \vbox (158.96637pt too high) detected at line 1017
 []

[64

 <./RNN/1990.jpg>]
Overfull \hbox (14.74255pt too wide) in paragraph at lines 1017--1017
[][]  
 []


Overfull \vbox (158.96637pt too high) detected at line 1017
 []

[65

] <"RNN/1997".jpg, id=1796, 552.0625pt x 243.91125pt>
File: "RNN/1997".jpg Graphic file (type jpg)
 <use "RNN/1997".jpg>
Package pdftex.def Info: "RNN/1997".jpg used on input line 1017.
(pdftex.def)             Requested size: 165.62003pt x 73.17393pt.

Overfull \hbox (14.74255pt too wide) in paragraph at lines 1017--1017
[][]  
 []


Overfull \vbox (158.96637pt too high) detected at line 1017
 []

[66

 <./RNN/1997.jpg>] <"RNN/2014".jpg, id=1822, 1891.065pt x 417.56pt>
File: "RNN/2014".jpg Graphic file (type jpg)

<use "RNN/2014".jpg>
Package pdftex.def Info: "RNN/2014".jpg used on input line 1017.
(pdftex.def)             Requested size: 189.11757pt x 41.75844pt.

Overfull \hbox (14.74255pt too wide) in paragraph at lines 1017--1017
[][]  
 []


Overfull \vbox (158.96637pt too high) detected at line 1017
 []

[67

 <./RNN/2014.jpg>]
Overfull \hbox (14.74255pt too wide) in paragraph at lines 1017--1017
[][]  
 []


Overfull \vbox (158.96637pt too high) detected at line 1017
 []

[68

] [69

]
Overfull \vbox (1.0pt too high) detected at line 1085
 []

[70

] <images/speechrecog.jpg, id=1940, 220.825pt x 140.525pt>
File: images/speechrecog.jpg Graphic file (type jpg)

<use images/speechrecog.jpg>
Package pdftex.def Info: images/speechrecog.jpg used on input line 1111.
(pdftex.def)             Requested size: 191.20518pt x 121.68109pt.

Overfull \vbox (1.0pt too high) detected at line 1111
 []

[71

 <./images/speechrecog.jpg>] <images/Mt.jpg, id=1967, 602.25pt x 301.125pt>
File: images/Mt.jpg Graphic file (type jpg)

<use images/Mt.jpg>
Package pdftex.def Info: images/Mt.jpg used on input line 1142.
(pdftex.def)             Requested size: 239.00558pt x 119.50133pt.

Overfull \vbox (1.0pt too high) detected at line 1142
 []

[72

 <./images/Mt.jpg>] <images/cm.png, id=1995, 470.75874pt x 715.67375pt>
File: images/cm.png Graphic file (type png)

<use images/cm.png>
Package pdftex.def Info: images/cm.png used on input line 1169.
(pdftex.def)             Requested size: 143.4048pt x 218.01262pt.

Overfull \vbox (16.45377pt too high) detected at line 1169
 []

[73

 <./images/cm.png (PNG copy)>]
<images/qa2.png, id=2023, 812.03375pt x 263.98625pt>
File: images/qa2.png Graphic file (type png)
 <use images/qa2.png>
Package pdftex.def Info: images/qa2.png used on input line 1196.
(pdftex.def)             Requested size: 239.00558pt x 77.69803pt.

Overfull \vbox (16.45377pt too high) detected at line 1196
 []

[74

 <./images/qa2.png>] <images/or.jpg, id=2050, 284.06125pt x 178.6675pt>
File: images/or.jpg Graphic file (type jpg)

<use images/or.jpg>
Package pdftex.def Info: images/or.jpg used on input line 1227.
(pdftex.def)             Requested size: 239.00558pt x 150.3332pt.

Overfull \vbox (16.45377pt too high) detected at line 1227
 []

[75

 <./images/or.jpg>] <images/vt.png, id=2076, 1541.76pt x 289.08pt>
File: images/vt.png Graphic file (type png)

<use images/vt.png>
Package pdftex.def Info: images/vt.png used on input line 1257.
(pdftex.def)             Requested size: 239.00558pt x 44.81134pt.

Overfull \vbox (16.45377pt too high) detected at line 1257
 []

[76

 <./images/vt.png (PNG copy)>]
<images/ic.png, id=2103, 674.52pt x 477.785pt>
File: images/ic.png Graphic file (type png)
 <use images/ic.png>
Package pdftex.def Info: images/ic.png used on input line 1288.
(pdftex.def)             Requested size: 239.00558pt x 169.29044pt.

Overfull \vbox (16.45377pt too high) detected at line 1288
 []

[77

 <./images/ic.png>] <images/vc.png, id=2130, 778.91pt x 356.33125pt>
File: images/vc.png Graphic file (type png)

<use images/vc.png>
Package pdftex.def Info: images/vc.png used on input line 1319.
(pdftex.def)             Requested size: 239.00558pt x 109.33604pt.

Overfull \vbox (16.45377pt too high) detected at line 1319
 []

[78

 <./images/vc.png>]
<images/visualQA.png, id=2157, 737.75626pt x 268.6035pt>
File: images/visualQA.png Graphic file (type png)

<use images/visualQA.png>
Package pdftex.def Info: images/visualQA.png used on input line 1351.
(pdftex.def)             Requested size: 239.00558pt x 87.01639pt.

Overfull \vbox (16.45377pt too high) detected at line 1351
 []

[79

 <./images/visualQA.png>] <images/va.jpg, id=2186, 361.35pt x 361.35pt>
File: images/va.jpg Graphic file (type jpg)

<use images/va.jpg>
Package pdftex.def Info: images/va.jpg used on input line 1375.
(pdftex.def)             Requested size: 180.67456pt x 180.67456pt.

Overfull \vbox (16.45377pt too high) detected at line 1375
 []

[80

 <./images/va.jpg>] <images/wave.jpg, id=2214, 608.2725pt x 194.7275pt>
File: images/wave.jpg Graphic file (type jpg)

<use images/wave.jpg>
Package pdftex.def Info: images/wave.jpg used on input line 1397.
(pdftex.def)             Requested size: 239.00558pt x 76.5139pt.

Overfull \vbox (16.45377pt too high) detected at line 1397
 []

[81

 <./images/wave.jpg>] [82

]
<images/Deep_learning_MarketMap_sept2016_featured.png, id=2269, 903.375pt x 376
.40625pt>
File: images/Deep_learning_MarketMap_sept2016_featured.png Graphic file (type p
ng)
 <use images/Deep_learning_MarketMap_sept2016_featured.png>
Package pdftex.def Info: images/Deep_learning_MarketMap_sept2016_featured.png u
sed on input line 1412.
(pdftex.def)             Requested size: 398.3386pt x 165.97534pt.

Overfull \hbox (6.79999pt too wide) in paragraph at lines 1412--1412
 [][][] 
 []

[83

 <./images/Deep_learning_MarketMap_sept2016_featured.png>]
\tf@nav=\write6
\openout6 = `Lecture1.nav'.

\tf@toc=\write7
\openout7 = `Lecture1.toc'.

\tf@snm=\write8
\openout8 = `Lecture1.snm'.

Package atveryend Info: Empty hook `BeforeClearDocument' on input line 1416.
Package atveryend Info: Empty hook `AfterLastShipout' on input line 1416.
 (./Lecture1.aux)
Package atveryend Info: Executing hook `AtVeryEndDocument' on input line 1416.
Package atveryend Info: Executing hook `AtEndAfterFileList' on input line 1416.

Package rerunfilecheck Info: File `Lecture1.out' has not changed.
(rerunfilecheck)             Checksum: D41D8CD98F00B204E9800998ECF8427E;0.


LaTeX Font Warning: Size substitutions with differences
(Font)              up to 1.0pt have occurred.


LaTeX Warning: There were multiply-defined labels.

Package atveryend Info: Empty hook `AtVeryVeryEnd' on input line 1416.
 ) 
Here is how much of TeX's memory you used:
 21527 strings out of 493014
 427899 string characters out of 6133351
 570988 words of memory out of 5000000
 24359 multiletter control sequences out of 15000+600000
 17194 words of font info for 63 fonts, out of 8000000 for 9000
 1141 hyphenation exceptions out of 8191
 56i,17n,65p,405b,1200s stack positions out of 5000i,500n,10000p,200000b,80000s
pdfTeX warning (dest): name{Navigation84} has been referenced but does not ex
ist, replaced by a fixed one

pdfTeX warning (dest): name{Navigation91} has been referenced but does not exis
t, replaced by a fixed one

</usr/local/texlive/2016/texmf-dist/fonts/type1/public/amsfonts/cm/cmss10.pfb><
/usr/local/texlive/2016/texmf-dist/fonts/type1/public/amsfonts/cm/cmss12.pfb></
usr/local/texlive/2016/texmf-dist/fonts/type1/public/amsfonts/cm/cmss8.pfb></us
r/local/texlive/2016/texmf-dist/fonts/type1/public/amsfonts/cm/cmss9.pfb></usr/
local/texlive/2016/texmf-dist/fonts/type1/public/amsfonts/cm/cmssbx10.pfb></usr
/local/texlive/2016/texmf-dist/fonts/type1/public/amsfonts/cm/cmsy8.pfb></usr/l
ocal/texlive/2016/texmf-dist/fonts/type1/public/amsfonts/cm/cmtt10.pfb>
Output written on Lecture1.pdf (83 pages, 4844594 bytes).
PDF statistics:
 2361 PDF objects out of 2487 (max. 8388607)
 2172 compressed objects within 22 object streams
 173 named destinations out of 1000 (max. 500000)
 372 words of extra memory for PDF output out of 10000 (max. 10000000)

